Command: python modified_hat_script.py -gpu 0 -dataset italy -data_dir graph_data -lr 0.005 -l2 0.0001 -units 8 -heads 8 -drop 0.6 -epochs 200 -patience 100 -c 1
Start time: 2025-05-24 05:51:47.401452
============================================================

WARNING:tensorflow:From modified_hat_script.py:138: The name tf.ConfigProto is deprecated. Please use tf.compat.v1.ConfigProto instead.

Loading osm_inductive with prefix italy-osm
Loading data from: graph_data\osm_inductive
Loading graph...
Graph loaded with 91037 nodes and 182884 edges
Loading features...
Features shape: (91037, 60)
Loading ID map...
Loading class map...
Single-label classification with 5 classes
Creating masks...
Train mask: 62709 nodes
Validation mask: 6190 nodes
Test mask: 22138 nodes
Creating adjacency matrix...
Creating labels...
Standardizing features...
Data loading completed successfully
Dataset: italy
----- Opt. hyperparams -----
lr: 0.005
l2_coef: 0.0001
----- Archi. hyperparams -----
nb. layers: 1
nb. units per layer: [8]
nb. attention heads: [8, 1]
nonlinearity: <function elu at 0x000001C84119A1E0>
model: <class 'models.sp_prod_mhat.SpMHGAT'>
WARNING:tensorflow:From modified_hat_script.py:215: The name tf.placeholder is deprecated. Please use tf.compat.v1.placeholder instead.

WARNING:tensorflow:From modified_hat_script.py:217: The name tf.sparse_placeholder is deprecated. Please use tf.compat.v1.sparse_placeholder instead.

input exp map zero, shape: [60, 91037]
WARNING:tensorflow:From C:\ProgramData\anaconda3\envs\gain\lib\site-packages\tensorflow_core\python\ops\clip_ops.py:172: where (from tensorflow.python.ops.array_ops) is deprecated and will be removed in a future version.
Instructions for updating:
Use tf.where in 2.0, which has the same broadcast rule as np.where
exp map, norm size [91037]
input after exp map zero, shape: [91037, 60]
WARNING:tensorflow:From C:\python_code\HGAIN\utils\hlayers.py:25: calling dropout (from tensorflow.python.ops.nn_ops) with keep_prob is deprecated and will be removed in a future version.
Instructions for updating:
Please use `rate` instead of `keep_prob`. Rate should be set to `rate = 1 - keep_prob`.
WARNING:tensorflow:From C:\python_code\HGAIN\utils\hlayers.py:31: The name tf.get_variable is deprecated. Please use tf.compat.v1.get_variable instead.

WARNING:tensorflow:
The TensorFlow contrib module will not be included in TensorFlow 2.0.
For more information, please see:
  * https://github.com/tensorflow/community/blob/master/rfcs/20180907-contrib-sunset.md
  * https://github.com/tensorflow/addons
  * https://github.com/tensorflow/io (for I/O related ops)
If you depend on functionality not listed there, please file an issue.

mat log map zero, shape before [60, 91037] norm shape [91037]
exp map, norm size [91037]
mat log map zero, shape before [60, 91037] norm shape [91037]
exp map, norm size [91037]
mat log map zero, shape before [60, 91037] norm shape [91037]
exp map, norm size [91037]
mat log map zero, shape before [60, 91037] norm shape [91037]
exp map, norm size [91037]
mat log map zero, shape before [60, 91037] norm shape [91037]
exp map, norm size [91037]
mat log map zero, shape before [60, 91037] norm shape [91037]
exp map, norm size [91037]
mat log map zero, shape before [60, 91037] norm shape [91037]
exp map, norm size [91037]
mat log map zero, shape before [60, 91037] norm shape [91037]
exp map, norm size [91037]
WARNING:tensorflow:From C:\python_code\HGAIN\utils\hlayers.py:50: The name tf.sparse_softmax is deprecated. Please use tf.sparse.softmax instead.

WARNING:tensorflow:From C:\python_code\HGAIN\utils\hlayers.py:66: The name tf.sparse_reshape is deprecated. Please use tf.sparse.reshape instead.

WARNING:tensorflow:From C:\python_code\HGAIN\utils\hlayers.py:68: The name tf.sparse_tensor_dense_matmul is deprecated. Please use tf.sparse.sparse_dense_matmul instead.

exp map, norm size [91037]
exp map, norm size [91037]
exp map, norm size [91037]
exp map, norm size [91037]
exp map, norm size [91037]
exp map, norm size [91037]
exp map, norm size [91037]
exp map, norm size [91037]
mat log map zero, shape before [8, 91037] norm shape [91037]
exp map, norm size [91037]
mat log map zero, shape before [8, 91037] norm shape [91037]
exp map, norm size [91037]
mat log map zero, shape before [8, 91037] norm shape [91037]
exp map, norm size [91037]
mat log map zero, shape before [8, 91037] norm shape [91037]
exp map, norm size [91037]
mat log map zero, shape before [8, 91037] norm shape [91037]
exp map, norm size [91037]
mat log map zero, shape before [8, 91037] norm shape [91037]
exp map, norm size [91037]
mat log map zero, shape before [8, 91037] norm shape [91037]
exp map, norm size [91037]
mat log map zero, shape before [8, 91037] norm shape [91037]
exp map, norm size [91037]
exp map, norm size [91037]
exp map, norm size [91037]
exp map, norm size [91037]
exp map, norm size [91037]
exp map, norm size [91037]
exp map, norm size [91037]
exp map, norm size [91037]
exp map, norm size [91037]
WARNING:tensorflow:From C:\python_code\HGAIN\models\base_hgattn.py:55: softmax_cross_entropy_with_logits (from tensorflow.python.ops.nn_ops) is deprecated and will be removed in a future version.
Instructions for updating:

Future major versions of TensorFlow will allow gradients to flow
into the labels input on backprop by default.

See `tf.nn.softmax_cross_entropy_with_logits_v2`.

WARNING:tensorflow:From C:\python_code\HGAIN\models\base_hgattn.py:15: The name tf.trainable_variables is deprecated. Please use tf.compat.v1.trainable_variables instead.

WARNING:tensorflow:From C:\python_code\HGAIN\models\base_hgattn.py:20: The name tf.train.AdamOptimizer is deprecated. Please use tf.compat.v1.train.AdamOptimizer instead.

WARNING:tensorflow:From modified_hat_script.py:241: The name tf.global_variables_initializer is deprecated. Please use tf.compat.v1.global_variables_initializer instead.

WARNING:tensorflow:From modified_hat_script.py:241: The name tf.local_variables_initializer is deprecated. Please use tf.compat.v1.local_variables_initializer instead.

WARNING:tensorflow:From modified_hat_script.py:248: The name tf.Session is deprecated. Please use tf.compat.v1.Session instead.

2025-05-24 05:51:57.179059: I tensorflow/core/platform/cpu_feature_guard.cc:145] This TensorFlow binary is optimized with Intel(R) MKL-DNN to use the following CPU instructions in performance critical operations:  AVX AVX2
To enable them in non-MKL-DNN operations, rebuild TensorFlow with the appropriate compiler flags.
2025-05-24 05:51:57.181157: I tensorflow/core/common_runtime/process_util.cc:115] Creating new thread pool with default inter op setting: 16. Tune using inter_op_parallelism_threads for best performance.
OMP: Info #212: KMP_AFFINITY: decoding x2APIC ids.
OMP: Info #210: KMP_AFFINITY: Affinity capable, using global cpuid leaf 11 info
OMP: Info #154: KMP_AFFINITY: Initial OS proc set respected: 0-15
OMP: Info #156: KMP_AFFINITY: 16 available OS procs
OMP: Info #157: KMP_AFFINITY: Uniform topology
OMP: Info #179: KMP_AFFINITY: 1 packages x 8 cores/pkg x 2 threads/core (8 total cores)
OMP: Info #214: KMP_AFFINITY: OS proc to physical thread map:
OMP: Info #171: KMP_AFFINITY: OS proc 0 maps to package 0 core 0 thread 0 
OMP: Info #171: KMP_AFFINITY: OS proc 1 maps to package 0 core 0 thread 1 
OMP: Info #171: KMP_AFFINITY: OS proc 2 maps to package 0 core 1 thread 0 
OMP: Info #171: KMP_AFFINITY: OS proc 3 maps to package 0 core 1 thread 1 
OMP: Info #171: KMP_AFFINITY: OS proc 4 maps to package 0 core 2 thread 0 
OMP: Info #171: KMP_AFFINITY: OS proc 5 maps to package 0 core 2 thread 1 
OMP: Info #171: KMP_AFFINITY: OS proc 6 maps to package 0 core 3 thread 0 
OMP: Info #171: KMP_AFFINITY: OS proc 7 maps to package 0 core 3 thread 1 
OMP: Info #171: KMP_AFFINITY: OS proc 8 maps to package 0 core 4 thread 0 
OMP: Info #171: KMP_AFFINITY: OS proc 9 maps to package 0 core 4 thread 1 
OMP: Info #171: KMP_AFFINITY: OS proc 10 maps to package 0 core 5 thread 0 
OMP: Info #171: KMP_AFFINITY: OS proc 11 maps to package 0 core 5 thread 1 
OMP: Info #171: KMP_AFFINITY: OS proc 12 maps to package 0 core 6 thread 0 
OMP: Info #171: KMP_AFFINITY: OS proc 13 maps to package 0 core 6 thread 1 
OMP: Info #171: KMP_AFFINITY: OS proc 14 maps to package 0 core 7 thread 0 
OMP: Info #171: KMP_AFFINITY: OS proc 15 maps to package 0 core 7 thread 1 
OMP: Info #250: KMP_AFFINITY: pid 27156 tid 26324 thread 0 bound to OS proc set 0
OMP: Info #250: KMP_AFFINITY: pid 27156 tid 18556 thread 1 bound to OS proc set 2
OMP: Info #250: KMP_AFFINITY: pid 27156 tid 30792 thread 6 bound to OS proc set 12
OMP: Info #250: KMP_AFFINITY: pid 27156 tid 26984 thread 7 bound to OS proc set 14
OMP: Info #250: KMP_AFFINITY: pid 27156 tid 29708 thread 2 bound to OS proc set 4
OMP: Info #250: KMP_AFFINITY: pid 27156 tid 29108 thread 5 bound to OS proc set 10
OMP: Info #250: KMP_AFFINITY: pid 27156 tid 2808 thread 3 bound to OS proc set 6
OMP: Info #250: KMP_AFFINITY: pid 27156 tid 30000 thread 4 bound to OS proc set 8
OMP: Info #250: KMP_AFFINITY: pid 27156 tid 18328 thread 8 bound to OS proc set 1
OMP: Info #250: KMP_AFFINITY: pid 27156 tid 3872 thread 10 bound to OS proc set 5
OMP: Info #250: KMP_AFFINITY: pid 27156 tid 18248 thread 9 bound to OS proc set 3
OMP: Info #250: KMP_AFFINITY: pid 27156 tid 14740 thread 11 bound to OS proc set 7
OMP: Info #250: KMP_AFFINITY: pid 27156 tid 27096 thread 12 bound to OS proc set 9
OMP: Info #250: KMP_AFFINITY: pid 27156 tid 3180 thread 13 bound to OS proc set 11
OMP: Info #250: KMP_AFFINITY: pid 27156 tid 2724 thread 14 bound to OS proc set 13
OMP: Info #250: KMP_AFFINITY: pid 27156 tid 16876 thread 15 bound to OS proc set 15
OMP: Info #250: KMP_AFFINITY: pid 27156 tid 18252 thread 16 bound to OS proc set 0
OMP: Info #250: KMP_AFFINITY: pid 27156 tid 30636 thread 17 bound to OS proc set 2
OMP: Info #250: KMP_AFFINITY: pid 27156 tid 9600 thread 18 bound to OS proc set 4
OMP: Info #250: KMP_AFFINITY: pid 27156 tid 25640 thread 19 bound to OS proc set 6
OMP: Info #250: KMP_AFFINITY: pid 27156 tid 31680 thread 20 bound to OS proc set 8
OMP: Info #250: KMP_AFFINITY: pid 27156 tid 24960 thread 21 bound to OS proc set 10
OMP: Info #250: KMP_AFFINITY: pid 27156 tid 27392 thread 24 bound to OS proc set 1
OMP: Info #250: KMP_AFFINITY: pid 27156 tid 29892 thread 23 bound to OS proc set 14
OMP: Info #250: KMP_AFFINITY: pid 27156 tid 28604 thread 22 bound to OS proc set 12
OMP: Info #250: KMP_AFFINITY: pid 27156 tid 25844 thread 25 bound to OS proc set 3
OMP: Info #250: KMP_AFFINITY: pid 27156 tid 28412 thread 32 bound to OS proc set 0
OMP: Info #250: KMP_AFFINITY: pid 27156 tid 29888 thread 26 bound to OS proc set 5
OMP: Info #250: KMP_AFFINITY: pid 27156 tid 25380 thread 28 bound to OS proc set 9
OMP: Info #250: KMP_AFFINITY: pid 27156 tid 25164 thread 27 bound to OS proc set 7
OMP: Info #250: KMP_AFFINITY: pid 27156 tid 24744 thread 29 bound to OS proc set 11
OMP: Info #250: KMP_AFFINITY: pid 27156 tid 7192 thread 30 bound to OS proc set 13
OMP: Info #250: KMP_AFFINITY: pid 27156 tid 27328 thread 31 bound to OS proc set 15
OMP: Info #250: KMP_AFFINITY: pid 27156 tid 29568 thread 40 bound to OS proc set 1
OMP: Info #250: KMP_AFFINITY: pid 27156 tid 6804 thread 48 bound to OS proc set 0
OMP: Info #250: KMP_AFFINITY: pid 27156 tid 28828 thread 33 bound to OS proc set 2
OMP: Info #250: KMP_AFFINITY: pid 27156 tid 17356 thread 35 bound to OS proc set 6
OMP: Info #250: KMP_AFFINITY: pid 27156 tid 26636 thread 43 bound to OS proc set 7
OMP: Info #250: KMP_AFFINITY: pid 27156 tid 26716 thread 34 bound to OS proc set 4
OMP: Info #250: KMP_AFFINITY: pid 27156 tid 30128 thread 37 bound to OS proc set 10
OMP: Info #250: KMP_AFFINITY: pid 27156 tid 29408 thread 38 bound to OS proc set 12
OMP: Info #250: KMP_AFFINITY: pid 27156 tid 25384 thread 39 bound to OS proc set 14
OMP: Info #250: KMP_AFFINITY: pid 27156 tid 10128 thread 44 bound to OS proc set 9
OMP: Info #250: KMP_AFFINITY: pid 27156 tid 15272 thread 47 bound to OS proc set 15
OMP: Info #250: KMP_AFFINITY: pid 27156 tid 30060 thread 45 bound to OS proc set 11
OMP: Info #250: KMP_AFFINITY: pid 27156 tid 31188 thread 46 bound to OS proc set 13
OMP: Info #250: KMP_AFFINITY: pid 27156 tid 29616 thread 41 bound to OS proc set 3
OMP: Info #250: KMP_AFFINITY: pid 27156 tid 29684 thread 42 bound to OS proc set 5
OMP: Info #250: KMP_AFFINITY: pid 27156 tid 27740 thread 36 bound to OS proc set 8
OMP: Info #250: KMP_AFFINITY: pid 27156 tid 25592 thread 49 bound to OS proc set 2
OMP: Info #250: KMP_AFFINITY: pid 27156 tid 30912 thread 57 bound to OS proc set 3
OMP: Info #250: KMP_AFFINITY: pid 27156 tid 11212 thread 51 bound to OS proc set 6
OMP: Info #250: KMP_AFFINITY: pid 27156 tid 27972 thread 50 bound to OS proc set 4
OMP: Info #250: KMP_AFFINITY: pid 27156 tid 13936 thread 52 bound to OS proc set 8
OMP: Info #250: KMP_AFFINITY: pid 27156 tid 26564 thread 53 bound to OS proc set 10
OMP: Info #250: KMP_AFFINITY: pid 27156 tid 30328 thread 54 bound to OS proc set 12
OMP: Info #250: KMP_AFFINITY: pid 27156 tid 31692 thread 55 bound to OS proc set 14
OMP: Info #250: KMP_AFFINITY: pid 27156 tid 13992 thread 56 bound to OS proc set 1
OMP: Info #250: KMP_AFFINITY: pid 27156 tid 30212 thread 59 bound to OS proc set 7
OMP: Info #250: KMP_AFFINITY: pid 27156 tid 28704 thread 62 bound to OS proc set 13
OMP: Info #250: KMP_AFFINITY: pid 27156 tid 29120 thread 60 bound to OS proc set 9
OMP: Info #250: KMP_AFFINITY: pid 27156 tid 27408 thread 63 bound to OS proc set 15
OMP: Info #250: KMP_AFFINITY: pid 27156 tid 25336 thread 64 bound to OS proc set 0
OMP: Info #250: KMP_AFFINITY: pid 27156 tid 28940 thread 61 bound to OS proc set 11
OMP: Info #250: KMP_AFFINITY: pid 27156 tid 31420 thread 58 bound to OS proc set 5
OMP: Info #250: KMP_AFFINITY: pid 27156 tid 7964 thread 66 bound to OS proc set 4
OMP: Info #250: KMP_AFFINITY: pid 27156 tid 31328 thread 65 bound to OS proc set 2
OMP: Info #250: KMP_AFFINITY: pid 27156 tid 13100 thread 67 bound to OS proc set 6
OMP: Info #250: KMP_AFFINITY: pid 27156 tid 27428 thread 68 bound to OS proc set 8
OMP: Info #250: KMP_AFFINITY: pid 27156 tid 14608 thread 69 bound to OS proc set 10
OMP: Info #250: KMP_AFFINITY: pid 27156 tid 18540 thread 70 bound to OS proc set 12
OMP: Info #250: KMP_AFFINITY: pid 27156 tid 19580 thread 71 bound to OS proc set 14
OMP: Info #250: KMP_AFFINITY: pid 27156 tid 26936 thread 72 bound to OS proc set 1
OMP: Info #250: KMP_AFFINITY: pid 27156 tid 9948 thread 74 bound to OS proc set 5
OMP: Info #250: KMP_AFFINITY: pid 27156 tid 25304 thread 75 bound to OS proc set 7
OMP: Info #250: KMP_AFFINITY: pid 27156 tid 30228 thread 73 bound to OS proc set 3
OMP: Info #250: KMP_AFFINITY: pid 27156 tid 12264 thread 78 bound to OS proc set 13
OMP: Info #250: KMP_AFFINITY: pid 27156 tid 26628 thread 76 bound to OS proc set 9
OMP: Info #250: KMP_AFFINITY: pid 27156 tid 3080 thread 77 bound to OS proc set 11
OMP: Info #250: KMP_AFFINITY: pid 27156 tid 25284 thread 79 bound to OS proc set 15
OMP: Info #250: KMP_AFFINITY: pid 27156 tid 30868 thread 80 bound to OS proc set 0
OMP: Info #250: KMP_AFFINITY: pid 27156 tid 28856 thread 82 bound to OS proc set 4
OMP: Info #250: KMP_AFFINITY: pid 27156 tid 30020 thread 85 bound to OS proc set 10
OMP: Info #250: KMP_AFFINITY: pid 27156 tid 30684 thread 88 bound to OS proc set 1
OMP: Info #250: KMP_AFFINITY: pid 27156 tid 28448 thread 86 bound to OS proc set 12
OMP: Info #250: KMP_AFFINITY: pid 27156 tid 13888 thread 81 bound to OS proc set 2
OMP: Info #250: KMP_AFFINITY: pid 27156 tid 31644 thread 89 bound to OS proc set 3
OMP: Info #250: KMP_AFFINITY: pid 27156 tid 10692 thread 95 bound to OS proc set 15
OMP: Info #250: KMP_AFFINITY: pid 27156 tid 6620 thread 87 bound to OS proc set 14
OMP: Info #250: KMP_AFFINITY: pid 27156 tid 29152 thread 83 bound to OS proc set 6
OMP: Info #250: KMP_AFFINITY: pid 27156 tid 30732 thread 90 bound to OS proc set 5
OMP: Info #250: KMP_AFFINITY: pid 27156 tid 9316 thread 92 bound to OS proc set 9
OMP: Info #250: KMP_AFFINITY: pid 27156 tid 28112 thread 91 bound to OS proc set 7
OMP: Info #250: KMP_AFFINITY: pid 27156 tid 13188 thread 93 bound to OS proc set 11
OMP: Info #250: KMP_AFFINITY: pid 27156 tid 29212 thread 94 bound to OS proc set 13
OMP: Info #250: KMP_AFFINITY: pid 27156 tid 28716 thread 84 bound to OS proc set 8
OMP: Info #250: KMP_AFFINITY: pid 27156 tid 24572 thread 96 bound to OS proc set 0
OMP: Info #250: KMP_AFFINITY: pid 27156 tid 25096 thread 99 bound to OS proc set 6
OMP: Info #250: KMP_AFFINITY: pid 27156 tid 29984 thread 100 bound to OS proc set 8
OMP: Info #250: KMP_AFFINITY: pid 27156 tid 6376 thread 101 bound to OS proc set 10
OMP: Info #250: KMP_AFFINITY: pid 27156 tid 13580 thread 102 bound to OS proc set 12
OMP: Info #250: KMP_AFFINITY: pid 27156 tid 5148 thread 103 bound to OS proc set 14
OMP: Info #250: KMP_AFFINITY: pid 27156 tid 27680 thread 97 bound to OS proc set 2
OMP: Info #250: KMP_AFFINITY: pid 27156 tid 10980 thread 98 bound to OS proc set 4
OMP: Info #250: KMP_AFFINITY: pid 27156 tid 28524 thread 104 bound to OS proc set 1
OMP: Info #250: KMP_AFFINITY: pid 27156 tid 28844 thread 105 bound to OS proc set 3
OMP: Info #250: KMP_AFFINITY: pid 27156 tid 22360 thread 106 bound to OS proc set 5
OMP: Info #250: KMP_AFFINITY: pid 27156 tid 8864 thread 107 bound to OS proc set 7
OMP: Info #250: KMP_AFFINITY: pid 27156 tid 5020 thread 108 bound to OS proc set 9
OMP: Info #250: KMP_AFFINITY: pid 27156 tid 9168 thread 109 bound to OS proc set 11
OMP: Info #250: KMP_AFFINITY: pid 27156 tid 29176 thread 110 bound to OS proc set 13
OMP: Info #250: KMP_AFFINITY: pid 27156 tid 28732 thread 111 bound to OS proc set 15
OMP: Info #250: KMP_AFFINITY: pid 27156 tid 29300 thread 112 bound to OS proc set 0
OMP: Info #250: KMP_AFFINITY: pid 27156 tid 29544 thread 113 bound to OS proc set 2
OMP: Info #250: KMP_AFFINITY: pid 27156 tid 21672 thread 114 bound to OS proc set 4
OMP: Info #250: KMP_AFFINITY: pid 27156 tid 8936 thread 115 bound to OS proc set 6
OMP: Info #250: KMP_AFFINITY: pid 27156 tid 30400 thread 116 bound to OS proc set 8
OMP: Info #250: KMP_AFFINITY: pid 27156 tid 9816 thread 118 bound to OS proc set 12
OMP: Info #250: KMP_AFFINITY: pid 27156 tid 31324 thread 117 bound to OS proc set 10
OMP: Info #250: KMP_AFFINITY: pid 27156 tid 26012 thread 119 bound to OS proc set 14
OMP: Info #250: KMP_AFFINITY: pid 27156 tid 24412 thread 120 bound to OS proc set 1
OMP: Info #250: KMP_AFFINITY: pid 27156 tid 3376 thread 122 bound to OS proc set 5
OMP: Info #250: KMP_AFFINITY: pid 27156 tid 25312 thread 121 bound to OS proc set 3
OMP: Info #250: KMP_AFFINITY: pid 27156 tid 26932 thread 123 bound to OS proc set 7
OMP: Info #250: KMP_AFFINITY: pid 27156 tid 14504 thread 124 bound to OS proc set 9
OMP: Info #250: KMP_AFFINITY: pid 27156 tid 9220 thread 125 bound to OS proc set 11
OMP: Info #250: KMP_AFFINITY: pid 27156 tid 24676 thread 126 bound to OS proc set 13
OMP: Info #250: KMP_AFFINITY: pid 27156 tid 22264 thread 127 bound to OS proc set 15
0 Training: loss = 1.62439, acc = 0.19295 | Val: loss = 1.56575, acc = 0.28191
10 Training: loss = 1.43051, acc = 0.45906 | Val: loss = 1.36614, acc = 0.46624
20 Training: loss = 1.37005, acc = 0.46682 | Val: loss = 1.33568, acc = 0.46704
30 Training: loss = 1.34073, acc = 0.46813 | Val: loss = 1.30145, acc = 0.46688
40 Training: loss = 1.32666, acc = 0.46842 | Val: loss = 1.28754, acc = 0.46688
50 Training: loss = 1.31679, acc = 0.47134 | Val: loss = 1.28121, acc = 0.46753
60 Training: loss = 1.30801, acc = 0.47365 | Val: loss = 1.27046, acc = 0.47544
70 Training: loss = 1.30353, acc = 0.47314 | Val: loss = 1.26166, acc = 0.50921
80 Training: loss = 1.30055, acc = 0.47441 | Val: loss = 1.25456, acc = 0.51987
90 Training: loss = 1.29570, acc = 0.47488 | Val: loss = 1.24800, acc = 0.52795
100 Training: loss = 1.29286, acc = 0.47666 | Val: loss = 1.24220, acc = 0.53570
110 Training: loss = 1.29164, acc = 0.47671 | Val: loss = 1.23781, acc = 0.53958
120 Training: loss = 1.29094, acc = 0.47730 | Val: loss = 1.23480, acc = 0.54249
130 Training: loss = 1.28843, acc = 0.47834 | Val: loss = 1.23098, acc = 0.54459
140 Training: loss = 1.28672, acc = 0.47925 | Val: loss = 1.22880, acc = 0.54523
150 Training: loss = 1.28484, acc = 0.48057 | Val: loss = 1.22649, acc = 0.54588
160 Training: loss = 1.28538, acc = 0.48076 | Val: loss = 1.22548, acc = 0.54669
170 Training: loss = 1.28303, acc = 0.48159 | Val: loss = 1.22404, acc = 0.54669
180 Training: loss = 1.28275, acc = 0.48226 | Val: loss = 1.22414, acc = 0.54653
190 Training: loss = 1.28222, acc = 0.48231 | Val: loss = 1.22397, acc = 0.54701

Test loss: 1.1090112924575806
Test accuracy: 0.5884451270103455
Macro F1: 0.24910808078206048
Micro F1: 0.5884452073358027
Weighted F1: 0.5271440836279492

Results saved to: hat_results\hat_italy_20250524-060619.json

============================================================
End time: 2025-05-24 06:06:20.556822
Duration: 873.16 seconds
